0 info it worked if it ends with ok
1 verbose cli [ 'D:\\devTools\\nodejs\\node.exe',
1 verbose cli   'D:\\devTools\\nodejs\\node_modules\\npm\\bin\\npm-cli.js',
1 verbose cli   'run',
1 verbose cli   'start' ]
2 info using npm@3.10.10
3 info using node@v6.11.1
4 verbose run-script [ 'prestart', 'start', 'poststart' ]
5 info lifecycle github-caller@0.0.0~prestart: github-caller@0.0.0
6 silly lifecycle github-caller@0.0.0~prestart: no script for prestart, continuing
7 info lifecycle github-caller@0.0.0~start: github-caller@0.0.0
8 verbose lifecycle github-caller@0.0.0~start: unsafe-perm in lifecycle true
9 verbose lifecycle github-caller@0.0.0~start: PATH: D:\devTools\nvm\v6.11.1\node_modules\npm\bin\node-gyp-bin;E:\myCode\github-caller\node_modules\.bin;C:\Program Files\Eclipse Adoptium\jdk-17.0.6.10-hotspot\bin;C:\Python310\Scripts\;C:\Python310\;C:\WINDOWS\system32;C:\WINDOWS;C:\WINDOWS\System32\Wbem;C:\WINDOWS\System32\WindowsPowerShell\v1.0\;C:\WINDOWS\System32\OpenSSH\;C:\ProgramData\chocolatey\bin;D:\devTools\git\Git\cmd;D:\devTools\nvm;D:\devTools\nodejs;C:\Program Files\dotnet\;C:\Program Files\Eclipse Adoptium\jdk-17.0.6.10-hotspot\\bin;C:\Program Files\Eclipse Adoptium\jdk-17.0.6.10-hotspot\\jre\bin;D:\devTools\sonar-scanner-4.8.0.2856-windows\bin;C:\Strawberry\c\bin;C:\Strawberry\perl\site\bin;C:\Strawberry\perl\bin;D:\devTools\微信web开发者工具\dll;C:\Users\v_jxkjiang\.cargo\bin;C:\Users\v_jxkjiang\AppData\Local\pnpm;C:\Users\v_jxkjiang\AppData\Local\Microsoft\WindowsApps;C:\Users\v_jxkjiang\AppData\Roaming\npm;D:\devTools\Microsoft VS Code\bin
10 verbose lifecycle github-caller@0.0.0~start: CWD: E:\myCode\github-caller
11 silly lifecycle github-caller@0.0.0~start: Args: [ '/d /s /c', 'node ./bin/www' ]
12 silly lifecycle github-caller@0.0.0~start: Returned: code: 1  signal: null
13 info lifecycle github-caller@0.0.0~start: Failed to exec start script
14 verbose stack Error: github-caller@0.0.0 start: `node ./bin/www`
14 verbose stack Exit status 1
14 verbose stack     at EventEmitter.<anonymous> (D:\devTools\nvm\v6.11.1\node_modules\npm\lib\utils\lifecycle.js:255:16)
14 verbose stack     at emitTwo (events.js:106:13)
14 verbose stack     at EventEmitter.emit (events.js:191:7)
14 verbose stack     at ChildProcess.<anonymous> (D:\devTools\nvm\v6.11.1\node_modules\npm\lib\utils\spawn.js:40:14)
14 verbose stack     at emitTwo (events.js:106:13)
14 verbose stack     at ChildProcess.emit (events.js:191:7)
14 verbose stack     at maybeClose (internal/child_process.js:891:16)
14 verbose stack     at Process.ChildProcess._handle.onexit (internal/child_process.js:226:5)
15 verbose pkgid github-caller@0.0.0
16 verbose cwd E:\myCode\github-caller
17 error Windows_NT 10.0.19045
18 error argv "D:\\devTools\\nodejs\\node.exe" "D:\\devTools\\nodejs\\node_modules\\npm\\bin\\npm-cli.js" "run" "start"
19 error node v6.11.1
20 error npm  v3.10.10
21 error code ELIFECYCLE
22 error github-caller@0.0.0 start: `node ./bin/www`
22 error Exit status 1
23 error Failed at the github-caller@0.0.0 start script 'node ./bin/www'.
23 error Make sure you have the latest version of node.js and npm installed.
23 error If you do, this is most likely a problem with the github-caller package,
23 error not with npm itself.
23 error Tell the author that this fails on your system:
23 error     node ./bin/www
23 error You can get information on how to open an issue for this project with:
23 error     npm bugs github-caller
23 error Or if that isn't available, you can get their info via:
23 error     npm owner ls github-caller
23 error There is likely additional logging output above.
24 verbose exit [ 1, true ]
